1602670166003	geckodriver	INFO	Listening on 127.0.0.1:47949
1602670166023	mozrunner::runner	INFO	Running command: "/usr/bin/firefox" "--marionette" "-foreground" "-no-remote" "-profile" "/tmp/rust_mozprofiley1Mhue"
1602670166434	addons.webextension.screenshots@mozilla.org	WARN	Loading extension 'screenshots@mozilla.org': Reading manifest: Invalid extension permission: mozillaAddons
1602670166434	addons.webextension.screenshots@mozilla.org	WARN	Loading extension 'screenshots@mozilla.org': Reading manifest: Invalid extension permission: resource://pdf.js/
1602670166434	addons.webextension.screenshots@mozilla.org	WARN	Loading extension 'screenshots@mozilla.org': Reading manifest: Invalid extension permission: about:reader*
1602670166520	addons.xpi-utils	WARN	Add-on langpack-zh-CN@firefox.mozilla.org is not compatible with application version.
1602670166520	addons.xpi-utils	WARN	Add-on langpack-zh-CN@firefox.mozilla.org is not compatible with application version.
1602670166520	addons.xpi-utils	WARN	Add-on langpack-zh-CN@firefox.mozilla.org is not compatible with application version.
1602670167507	Marionette	INFO	Listening on port 44185
1602670167536	Marionette	WARN	TLS certificate errors will be ignored for this session
[Parent 5923, Gecko_IOThread] WARNING: pipe error (77): Connection reset by peer: file /build/firefox-z_SAYv/firefox-67.0+build2/ipc/chromium/src/chrome/common/ipc_channel_posix.cc, line 357
[Parent 5923, Gecko_IOThread] WARNING: pipe error (96): Connection reset by peer: file /build/firefox-z_SAYv/firefox-67.0+build2/ipc/chromium/src/chrome/common/ipc_channel_posix.cc, line 357
1602670171245	Marionette	INFO	Stopped listening on port 44185
1602673023664	geckodriver	INFO	Listening on 127.0.0.1:55891
1602673023673	mozrunner::runner	INFO	Running command: "/usr/bin/firefox" "--marionette" "-foreground" "-no-remote" "-profile" "/tmp/rust_mozprofileBJfBFT"
1602673023958	addons.webextension.screenshots@mozilla.org	WARN	Loading extension 'screenshots@mozilla.org': Reading manifest: Invalid extension permission: mozillaAddons
1602673023958	addons.webextension.screenshots@mozilla.org	WARN	Loading extension 'screenshots@mozilla.org': Reading manifest: Invalid extension permission: resource://pdf.js/
1602673023958	addons.webextension.screenshots@mozilla.org	WARN	Loading extension 'screenshots@mozilla.org': Reading manifest: Invalid extension permission: about:reader*
1602673024019	addons.xpi-utils	WARN	Add-on langpack-zh-CN@firefox.mozilla.org is not compatible with application version.
1602673024019	addons.xpi-utils	WARN	Add-on langpack-zh-CN@firefox.mozilla.org is not compatible with application version.
1602673024020	addons.xpi-utils	WARN	Add-on langpack-zh-CN@firefox.mozilla.org is not compatible with application version.
1602673024985	Marionette	INFO	Listening on port 33729
1602673025082	Marionette	WARN	TLS certificate errors will be ignored for this session
JavaScript error: https://www.geeksforgeeks.org/wp-content/themes/iconic-one/js/gfg.min.js?ver=10.50, line 2: ReferenceError: jQuery is not defined
JavaScript error: https://www.geeksforgeeks.org/python-randint-function/, line 1049: ReferenceError: jQuery is not defined
JavaScript error: https://www.geeksforgeeks.org/python-randint-function/ line 1 > scriptElement, line 1: TypeError: e is not a function
[Parent 6010, Gecko_IOThread] WARNING: pipe error (96): Connection reset by peer: file /build/firefox-z_SAYv/firefox-67.0+build2/ipc/chromium/src/chrome/common/ipc_channel_posix.cc, line 357
[Parent 6010, Gecko_IOThread] WARNING: pipe error (77): Connection reset by peer: file /build/firefox-z_SAYv/firefox-67.0+build2/ipc/chromium/src/chrome/common/ipc_channel_posix.cc, line 357
1602673269715	Marionette	INFO	Stopped listening on port 33729
